[0.557s] DEBUG:colcon:Command line arguments: ['/usr/bin/colcon', 'build']
[0.557s] DEBUG:colcon:Parsed command line arguments: Namespace(allow_overriding=[], ament_cmake_args=None, base_paths=['.'], build_base='build', catkin_cmake_args=None, catkin_skip_building_tests=False, cmake_args=None, cmake_clean_cache=False, cmake_clean_first=False, cmake_force_configure=False, cmake_target=None, cmake_target_skip_unavailable=False, continue_on_error=False, event_handlers=None, executor='parallel', ignore_user_meta=False, install_base='install', log_base=None, log_level=None, main=<bound method BuildVerb.main of <colcon_core.verb.build.BuildVerb object at 0xffffac7b0070>>, merge_install=False, metas=['./colcon.meta'], packages_above=None, packages_above_and_dependencies=None, packages_above_depth=None, packages_end=None, packages_ignore=None, packages_ignore_regex=None, packages_select=None, packages_select_build_failed=False, packages_select_by_dep=None, packages_select_regex=None, packages_select_test_failures=False, packages_skip=None, packages_skip_build_finished=False, packages_skip_by_dep=None, packages_skip_regex=None, packages_skip_test_passed=False, packages_skip_up_to=None, packages_start=None, packages_up_to=None, packages_up_to_regex=None, parallel_workers=4, paths=None, symlink_install=False, test_result_base=None, verb_extension=<colcon_core.verb.build.BuildVerb object at 0xffffac7b0070>, verb_name='build', verb_parser=<colcon_defaults.argument_parser.defaults.DefaultArgumentsDecorator object at 0xffffac6dfc70>)
[0.985s] Level 1:colcon.colcon_core.package_discovery:discover_packages(colcon_meta) check parameters
[0.985s] Level 1:colcon.colcon_core.package_discovery:discover_packages(recursive) check parameters
[0.985s] Level 1:colcon.colcon_core.package_discovery:discover_packages(ignore) check parameters
[0.985s] Level 1:colcon.colcon_core.package_discovery:discover_packages(path) check parameters
[0.986s] Level 1:colcon.colcon_core.package_discovery:discover_packages(colcon_meta) discover
[0.986s] Level 1:colcon.colcon_core.package_discovery:discover_packages(recursive) discover
[0.986s] INFO:colcon.colcon_core.package_discovery:Crawling recursively for packages in '/home/unitree/p2_ws/P2RemoteConnection'
[0.986s] Level 1:colcon.colcon_core.package_identification:_identify(.) by extensions ['ignore', 'ignore_ament_install']
[0.987s] Level 1:colcon.colcon_core.package_identification:_identify(.) by extension 'ignore'
[0.987s] Level 1:colcon.colcon_core.package_identification:_identify(.) by extension 'ignore_ament_install'
[0.987s] Level 1:colcon.colcon_core.package_identification:_identify(.) by extensions ['colcon_pkg']
[0.987s] Level 1:colcon.colcon_core.package_identification:_identify(.) by extension 'colcon_pkg'
[0.987s] Level 1:colcon.colcon_core.package_identification:_identify(.) by extensions ['colcon_meta']
[0.987s] Level 1:colcon.colcon_core.package_identification:_identify(.) by extension 'colcon_meta'
[0.988s] Level 1:colcon.colcon_core.package_identification:_identify(.) by extensions ['ros']
[0.988s] Level 1:colcon.colcon_core.package_identification:_identify(.) by extension 'ros'
[1.014s] Level 1:colcon.colcon_core.package_identification:_identify(.) by extensions ['cmake', 'python']
[1.014s] Level 1:colcon.colcon_core.package_identification:_identify(.) by extension 'cmake'
[1.015s] Level 1:colcon.colcon_core.package_identification:_identify(.) by extension 'python'
[1.015s] Level 1:colcon.colcon_core.package_identification:_identify(.) by extensions ['python_setup_py']
[1.015s] Level 1:colcon.colcon_core.package_identification:_identify(.) by extension 'python_setup_py'
[1.015s] Level 1:colcon.colcon_core.package_identification:_identify(build) by extensions ['ignore', 'ignore_ament_install']
[1.015s] Level 1:colcon.colcon_core.package_identification:_identify(build) by extension 'ignore'
[1.016s] Level 1:colcon.colcon_core.package_identification:_identify(build) ignored
[1.016s] Level 1:colcon.colcon_core.package_identification:_identify(install) by extensions ['ignore', 'ignore_ament_install']
[1.016s] Level 1:colcon.colcon_core.package_identification:_identify(install) by extension 'ignore'
[1.016s] Level 1:colcon.colcon_core.package_identification:_identify(install) ignored
[1.017s] Level 1:colcon.colcon_core.package_identification:_identify(log) by extensions ['ignore', 'ignore_ament_install']
[1.017s] Level 1:colcon.colcon_core.package_identification:_identify(log) by extension 'ignore'
[1.017s] Level 1:colcon.colcon_core.package_identification:_identify(log) ignored
[1.017s] Level 1:colcon.colcon_core.package_identification:_identify(src) by extensions ['ignore', 'ignore_ament_install']
[1.017s] Level 1:colcon.colcon_core.package_identification:_identify(src) by extension 'ignore'
[1.017s] Level 1:colcon.colcon_core.package_identification:_identify(src) by extension 'ignore_ament_install'
[1.018s] Level 1:colcon.colcon_core.package_identification:_identify(src) by extensions ['colcon_pkg']
[1.018s] Level 1:colcon.colcon_core.package_identification:_identify(src) by extension 'colcon_pkg'
[1.018s] Level 1:colcon.colcon_core.package_identification:_identify(src) by extensions ['colcon_meta']
[1.018s] Level 1:colcon.colcon_core.package_identification:_identify(src) by extension 'colcon_meta'
[1.018s] Level 1:colcon.colcon_core.package_identification:_identify(src) by extensions ['ros']
[1.018s] Level 1:colcon.colcon_core.package_identification:_identify(src) by extension 'ros'
[1.018s] Level 1:colcon.colcon_core.package_identification:_identify(src) by extensions ['cmake', 'python']
[1.018s] Level 1:colcon.colcon_core.package_identification:_identify(src) by extension 'cmake'
[1.019s] Level 1:colcon.colcon_core.package_identification:_identify(src) by extension 'python'
[1.019s] Level 1:colcon.colcon_core.package_identification:_identify(src) by extensions ['python_setup_py']
[1.019s] Level 1:colcon.colcon_core.package_identification:_identify(src) by extension 'python_setup_py'
[1.019s] Level 1:colcon.colcon_core.package_identification:_identify(src/p2_remote_connection) by extensions ['ignore', 'ignore_ament_install']
[1.019s] Level 1:colcon.colcon_core.package_identification:_identify(src/p2_remote_connection) by extension 'ignore'
[1.019s] Level 1:colcon.colcon_core.package_identification:_identify(src/p2_remote_connection) by extension 'ignore_ament_install'
[1.020s] Level 1:colcon.colcon_core.package_identification:_identify(src/p2_remote_connection) by extensions ['colcon_pkg']
[1.020s] Level 1:colcon.colcon_core.package_identification:_identify(src/p2_remote_connection) by extension 'colcon_pkg'
[1.020s] Level 1:colcon.colcon_core.package_identification:_identify(src/p2_remote_connection) by extensions ['colcon_meta']
[1.020s] Level 1:colcon.colcon_core.package_identification:_identify(src/p2_remote_connection) by extension 'colcon_meta'
[1.020s] Level 1:colcon.colcon_core.package_identification:_identify(src/p2_remote_connection) by extensions ['ros']
[1.020s] Level 1:colcon.colcon_core.package_identification:_identify(src/p2_remote_connection) by extension 'ros'
[1.026s] DEBUG:colcon.colcon_core.package_identification:Package 'src/p2_remote_connection' with type 'ros.ament_cmake' and name 'p2_remote_connection'
[1.026s] Level 1:colcon.colcon_core.package_discovery:discover_packages(recursive) using defaults
[1.027s] Level 1:colcon.colcon_core.package_discovery:discover_packages(ignore) discover
[1.027s] Level 1:colcon.colcon_core.package_discovery:discover_packages(ignore) using defaults
[1.027s] Level 1:colcon.colcon_core.package_discovery:discover_packages(path) discover
[1.027s] Level 1:colcon.colcon_core.package_discovery:discover_packages(path) using defaults
[1.095s] Level 1:colcon.colcon_core.package_discovery:discover_packages(prefix_path) check parameters
[1.095s] Level 1:colcon.colcon_core.package_discovery:discover_packages(prefix_path) discover
[1.100s] DEBUG:colcon.colcon_installed_package_information.package_discovery:Found 6 installed packages in /home/unitree/unitree_ros2/install
[1.101s] DEBUG:colcon.colcon_installed_package_information.package_discovery:Found 1 installed packages in /home/unitree/unitree_ros2/cyclonedds_ws/install
[1.105s] DEBUG:colcon.colcon_installed_package_information.package_discovery:Found 339 installed packages in /opt/ros/foxy
[1.110s] Level 1:colcon.colcon_core.package_discovery:discover_packages(prefix_path) using defaults
[1.281s] Level 5:colcon.colcon_core.verb:set package 'p2_remote_connection' build argument 'cmake_args' from command line to 'None'
[1.281s] Level 5:colcon.colcon_core.verb:set package 'p2_remote_connection' build argument 'cmake_target' from command line to 'None'
[1.281s] Level 5:colcon.colcon_core.verb:set package 'p2_remote_connection' build argument 'cmake_target_skip_unavailable' from command line to 'False'
[1.281s] Level 5:colcon.colcon_core.verb:set package 'p2_remote_connection' build argument 'cmake_clean_cache' from command line to 'False'
[1.281s] Level 5:colcon.colcon_core.verb:set package 'p2_remote_connection' build argument 'cmake_clean_first' from command line to 'False'
[1.281s] Level 5:colcon.colcon_core.verb:set package 'p2_remote_connection' build argument 'cmake_force_configure' from command line to 'False'
[1.282s] Level 5:colcon.colcon_core.verb:set package 'p2_remote_connection' build argument 'ament_cmake_args' from command line to 'None'
[1.282s] Level 5:colcon.colcon_core.verb:set package 'p2_remote_connection' build argument 'catkin_cmake_args' from command line to 'None'
[1.282s] Level 5:colcon.colcon_core.verb:set package 'p2_remote_connection' build argument 'catkin_skip_building_tests' from command line to 'False'
[1.282s] DEBUG:colcon.colcon_core.verb:Building package 'p2_remote_connection' with the following arguments: {'ament_cmake_args': None, 'build_base': '/home/unitree/p2_ws/P2RemoteConnection/build/p2_remote_connection', 'catkin_cmake_args': None, 'catkin_skip_building_tests': False, 'cmake_args': None, 'cmake_clean_cache': False, 'cmake_clean_first': False, 'cmake_force_configure': False, 'cmake_target': None, 'cmake_target_skip_unavailable': False, 'install_base': '/home/unitree/p2_ws/P2RemoteConnection/install/p2_remote_connection', 'merge_install': False, 'path': '/home/unitree/p2_ws/P2RemoteConnection/src/p2_remote_connection', 'symlink_install': False, 'test_result_base': None}
[1.282s] INFO:colcon.colcon_core.executor:Executing jobs using 'parallel' executor
[1.285s] DEBUG:colcon.colcon_parallel_executor.executor.parallel:run_until_complete
[1.285s] INFO:colcon.colcon_ros.task.ament_cmake.build:Building ROS package in '/home/unitree/p2_ws/P2RemoteConnection/src/p2_remote_connection' with build type 'ament_cmake'
[1.286s] INFO:colcon.colcon_cmake.task.cmake.build:Building CMake package in '/home/unitree/p2_ws/P2RemoteConnection/src/p2_remote_connection'
[1.290s] INFO:colcon.colcon_core.plugin_system:Skipping extension 'colcon_core.shell.bat': Not used on non-Windows systems
[1.291s] INFO:colcon.colcon_core.shell:Skip shell extension 'powershell' for command environment: Not usable outside of PowerShell
[1.291s] DEBUG:colcon.colcon_core.shell:Skip shell extension 'dsv' for command environment
[1.313s] DEBUG:colcon.colcon_core.event_handler.log_command:Invoking command in '/home/unitree/p2_ws/P2RemoteConnection/build/p2_remote_connection': CMAKE_PREFIX_PATH=${CMAKE_PREFIX_PATH}:/opt/ros/foxy /usr/bin/cmake /home/unitree/p2_ws/P2RemoteConnection/src/p2_remote_connection -DCMAKE_INSTALL_PREFIX=/home/unitree/p2_ws/P2RemoteConnection/install/p2_remote_connection
[5.332s] DEBUG:colcon.colcon_core.event_handler.log_command:Invoked command in '/home/unitree/p2_ws/P2RemoteConnection/build/p2_remote_connection' returned '0': CMAKE_PREFIX_PATH=${CMAKE_PREFIX_PATH}:/opt/ros/foxy /usr/bin/cmake /home/unitree/p2_ws/P2RemoteConnection/src/p2_remote_connection -DCMAKE_INSTALL_PREFIX=/home/unitree/p2_ws/P2RemoteConnection/install/p2_remote_connection
[5.340s] DEBUG:colcon.colcon_core.event_handler.log_command:Invoking command in '/home/unitree/p2_ws/P2RemoteConnection/build/p2_remote_connection': CMAKE_PREFIX_PATH=${CMAKE_PREFIX_PATH}:/opt/ros/foxy /usr/bin/cmake --build /home/unitree/p2_ws/P2RemoteConnection/build/p2_remote_connection -- -j4 -l4
[26.364s] DEBUG:colcon.colcon_core.event_handler.log_command:Invoked command in '/home/unitree/p2_ws/P2RemoteConnection/build/p2_remote_connection' returned '0': CMAKE_PREFIX_PATH=${CMAKE_PREFIX_PATH}:/opt/ros/foxy /usr/bin/cmake --build /home/unitree/p2_ws/P2RemoteConnection/build/p2_remote_connection -- -j4 -l4
[26.400s] DEBUG:colcon.colcon_core.event_handler.log_command:Invoking command in '/home/unitree/p2_ws/P2RemoteConnection/build/p2_remote_connection': CMAKE_PREFIX_PATH=${CMAKE_PREFIX_PATH}:/opt/ros/foxy /usr/bin/cmake --install /home/unitree/p2_ws/P2RemoteConnection/build/p2_remote_connection
[26.453s] Level 1:colcon.colcon_core.environment:create_environment_scripts_only(p2_remote_connection)
[26.454s] DEBUG:colcon.colcon_core.event_handler.log_command:Invoked command in '/home/unitree/p2_ws/P2RemoteConnection/build/p2_remote_connection' returned '0': CMAKE_PREFIX_PATH=${CMAKE_PREFIX_PATH}:/opt/ros/foxy /usr/bin/cmake --install /home/unitree/p2_ws/P2RemoteConnection/build/p2_remote_connection
[26.463s] Level 1:colcon.colcon_core.environment:checking '/home/unitree/p2_ws/P2RemoteConnection/install/p2_remote_connection' for CMake module files
[26.465s] Level 1:colcon.colcon_core.environment:checking '/home/unitree/p2_ws/P2RemoteConnection/install/p2_remote_connection' for CMake config files
[26.466s] Level 1:colcon.colcon_core.shell:create_environment_hook('p2_remote_connection', 'cmake_prefix_path')
[26.467s] INFO:colcon.colcon_core.shell:Creating environment hook '/home/unitree/p2_ws/P2RemoteConnection/install/p2_remote_connection/share/p2_remote_connection/hook/cmake_prefix_path.ps1'
[26.469s] INFO:colcon.colcon_core.shell:Creating environment descriptor '/home/unitree/p2_ws/P2RemoteConnection/install/p2_remote_connection/share/p2_remote_connection/hook/cmake_prefix_path.dsv'
[26.471s] INFO:colcon.colcon_core.shell:Creating environment hook '/home/unitree/p2_ws/P2RemoteConnection/install/p2_remote_connection/share/p2_remote_connection/hook/cmake_prefix_path.sh'
[26.474s] Level 1:colcon.colcon_core.environment:checking '/home/unitree/p2_ws/P2RemoteConnection/install/p2_remote_connection/lib'
[26.475s] Level 1:colcon.colcon_core.environment:checking '/home/unitree/p2_ws/P2RemoteConnection/install/p2_remote_connection/bin'
[26.475s] Level 1:colcon.colcon_core.environment:checking '/home/unitree/p2_ws/P2RemoteConnection/install/p2_remote_connection/lib/pkgconfig/p2_remote_connection.pc'
[26.476s] Level 1:colcon.colcon_core.environment:checking '/home/unitree/p2_ws/P2RemoteConnection/install/p2_remote_connection/lib/python3.8/site-packages'
[26.476s] Level 1:colcon.colcon_core.environment:checking '/home/unitree/p2_ws/P2RemoteConnection/install/p2_remote_connection/bin'
[26.477s] INFO:colcon.colcon_core.shell:Creating package script '/home/unitree/p2_ws/P2RemoteConnection/install/p2_remote_connection/share/p2_remote_connection/package.ps1'
[26.480s] INFO:colcon.colcon_core.shell:Creating package descriptor '/home/unitree/p2_ws/P2RemoteConnection/install/p2_remote_connection/share/p2_remote_connection/package.dsv'
[26.481s] INFO:colcon.colcon_core.shell:Creating package script '/home/unitree/p2_ws/P2RemoteConnection/install/p2_remote_connection/share/p2_remote_connection/package.sh'
[26.483s] INFO:colcon.colcon_core.shell:Creating package script '/home/unitree/p2_ws/P2RemoteConnection/install/p2_remote_connection/share/p2_remote_connection/package.bash'
[26.485s] INFO:colcon.colcon_core.shell:Creating package script '/home/unitree/p2_ws/P2RemoteConnection/install/p2_remote_connection/share/p2_remote_connection/package.zsh'
[26.487s] Level 1:colcon.colcon_core.environment:create_file_with_runtime_dependencies(/home/unitree/p2_ws/P2RemoteConnection/install/p2_remote_connection/share/colcon-core/packages/p2_remote_connection)
[26.489s] Level 1:colcon.colcon_core.environment:create_environment_scripts_only(p2_remote_connection)
[26.489s] Level 1:colcon.colcon_core.environment:checking '/home/unitree/p2_ws/P2RemoteConnection/install/p2_remote_connection' for CMake module files
[26.490s] Level 1:colcon.colcon_core.environment:checking '/home/unitree/p2_ws/P2RemoteConnection/install/p2_remote_connection' for CMake config files
[26.491s] Level 1:colcon.colcon_core.shell:create_environment_hook('p2_remote_connection', 'cmake_prefix_path')
[26.491s] INFO:colcon.colcon_core.shell:Creating environment hook '/home/unitree/p2_ws/P2RemoteConnection/install/p2_remote_connection/share/p2_remote_connection/hook/cmake_prefix_path.ps1'
[26.492s] INFO:colcon.colcon_core.shell:Creating environment descriptor '/home/unitree/p2_ws/P2RemoteConnection/install/p2_remote_connection/share/p2_remote_connection/hook/cmake_prefix_path.dsv'
[26.493s] INFO:colcon.colcon_core.shell:Creating environment hook '/home/unitree/p2_ws/P2RemoteConnection/install/p2_remote_connection/share/p2_remote_connection/hook/cmake_prefix_path.sh'
[26.494s] Level 1:colcon.colcon_core.environment:checking '/home/unitree/p2_ws/P2RemoteConnection/install/p2_remote_connection/lib'
[26.495s] Level 1:colcon.colcon_core.environment:checking '/home/unitree/p2_ws/P2RemoteConnection/install/p2_remote_connection/bin'
[26.495s] Level 1:colcon.colcon_core.environment:checking '/home/unitree/p2_ws/P2RemoteConnection/install/p2_remote_connection/lib/pkgconfig/p2_remote_connection.pc'
[26.495s] Level 1:colcon.colcon_core.environment:checking '/home/unitree/p2_ws/P2RemoteConnection/install/p2_remote_connection/lib/python3.8/site-packages'
[26.496s] Level 1:colcon.colcon_core.environment:checking '/home/unitree/p2_ws/P2RemoteConnection/install/p2_remote_connection/bin'
[26.496s] INFO:colcon.colcon_core.shell:Creating package script '/home/unitree/p2_ws/P2RemoteConnection/install/p2_remote_connection/share/p2_remote_connection/package.ps1'
[26.498s] INFO:colcon.colcon_core.shell:Creating package descriptor '/home/unitree/p2_ws/P2RemoteConnection/install/p2_remote_connection/share/p2_remote_connection/package.dsv'
[26.499s] INFO:colcon.colcon_core.shell:Creating package script '/home/unitree/p2_ws/P2RemoteConnection/install/p2_remote_connection/share/p2_remote_connection/package.sh'
[26.500s] INFO:colcon.colcon_core.shell:Creating package script '/home/unitree/p2_ws/P2RemoteConnection/install/p2_remote_connection/share/p2_remote_connection/package.bash'
[26.501s] INFO:colcon.colcon_core.shell:Creating package script '/home/unitree/p2_ws/P2RemoteConnection/install/p2_remote_connection/share/p2_remote_connection/package.zsh'
[26.502s] Level 1:colcon.colcon_core.environment:create_file_with_runtime_dependencies(/home/unitree/p2_ws/P2RemoteConnection/install/p2_remote_connection/share/colcon-core/packages/p2_remote_connection)
[26.503s] DEBUG:colcon.colcon_parallel_executor.executor.parallel:closing loop
[26.504s] DEBUG:colcon.colcon_parallel_executor.executor.parallel:loop closed
[26.504s] DEBUG:colcon.colcon_parallel_executor.executor.parallel:run_until_complete finished with '0'
[26.504s] DEBUG:colcon.colcon_core.event_reactor:joining thread
[26.521s] INFO:colcon.colcon_core.plugin_system:Skipping extension 'colcon_notification.desktop_notification.terminal_notifier': Not used on non-Darwin systems
[26.521s] INFO:colcon.colcon_core.plugin_system:Skipping extension 'colcon_notification.desktop_notification.win32': Not used on non-Windows systems
[26.521s] INFO:colcon.colcon_notification.desktop_notification:Sending desktop notification using 'notify2'
[26.549s] DEBUG:colcon.colcon_notification.desktop_notification.notify2:Failed to initialize notify2: org.freedesktop.DBus.Error.Spawn.ChildExited: Process org.freedesktop.Notifications exited with status 1
[26.549s] DEBUG:colcon.colcon_core.event_reactor:joined thread
[26.550s] INFO:colcon.colcon_core.shell:Creating prefix script '/home/unitree/p2_ws/P2RemoteConnection/install/local_setup.ps1'
[26.553s] INFO:colcon.colcon_core.shell:Creating prefix util module '/home/unitree/p2_ws/P2RemoteConnection/install/_local_setup_util_ps1.py'
[26.556s] INFO:colcon.colcon_core.shell:Creating prefix chain script '/home/unitree/p2_ws/P2RemoteConnection/install/setup.ps1'
[26.559s] INFO:colcon.colcon_core.shell:Creating prefix script '/home/unitree/p2_ws/P2RemoteConnection/install/local_setup.sh'
[26.560s] INFO:colcon.colcon_core.shell:Creating prefix util module '/home/unitree/p2_ws/P2RemoteConnection/install/_local_setup_util_sh.py'
[26.562s] INFO:colcon.colcon_core.shell:Creating prefix chain script '/home/unitree/p2_ws/P2RemoteConnection/install/setup.sh'
[26.565s] INFO:colcon.colcon_core.shell:Creating prefix script '/home/unitree/p2_ws/P2RemoteConnection/install/local_setup.bash'
[26.566s] INFO:colcon.colcon_core.shell:Creating prefix chain script '/home/unitree/p2_ws/P2RemoteConnection/install/setup.bash'
[26.568s] INFO:colcon.colcon_core.shell:Creating prefix script '/home/unitree/p2_ws/P2RemoteConnection/install/local_setup.zsh'
[26.569s] INFO:colcon.colcon_core.shell:Creating prefix chain script '/home/unitree/p2_ws/P2RemoteConnection/install/setup.zsh'
