[0.450s] [34mcolcon[0m [1;30mDEBUG[0m [32mCommand line arguments: ['/usr/bin/colcon', 'build'][0m
[0.450s] [34mcolcon[0m [1;30mDEBUG[0m [32mParsed command line arguments: Namespace(log_base=None, log_level=None, verb_name='build', build_base='build', install_base='install', merge_install=False, symlink_install=False, test_result_base=None, continue_on_error=False, executor='parallel', parallel_workers=8, event_handlers=None, ignore_user_meta=False, metas=['./colcon.meta'], base_paths=['.'], packages_ignore=None, packages_ignore_regex=None, paths=None, packages_up_to=None, packages_up_to_regex=None, packages_above=None, packages_above_and_dependencies=None, packages_above_depth=None, packages_select_by_dep=None, packages_skip_by_dep=None, packages_skip_up_to=None, packages_select_build_failed=False, packages_skip_build_finished=False, packages_select_test_failures=False, packages_skip_test_passed=False, packages_select=None, packages_skip=None, packages_select_regex=None, packages_skip_regex=None, packages_start=None, packages_end=None, allow_overriding=[], cmake_args=None, cmake_target=None, cmake_target_skip_unavailable=False, cmake_clean_cache=False, cmake_clean_first=False, cmake_force_configure=False, ament_cmake_args=None, catkin_cmake_args=None, catkin_skip_building_tests=False, mixin_files=None, mixin=None, verb_parser=<colcon_mixin.mixin.mixin_argument.MixinArgumentDecorator object at 0x7b5868a3d090>, verb_extension=<colcon_core.verb.build.BuildVerb object at 0x7b5868a3c760>, main=<bound method BuildVerb.main of <colcon_core.verb.build.BuildVerb object at 0x7b5868a3c760>>, mixin_verb=('build',))[0m
[0.916s] [34mcolcon.colcon_core.package_discovery[0m [1;30mLevel 1[0m discover_packages(colcon_meta) check parameters
[0.917s] [34mcolcon.colcon_core.package_discovery[0m [1;30mLevel 1[0m discover_packages(recursive) check parameters
[0.917s] [34mcolcon.colcon_core.package_discovery[0m [1;30mLevel 1[0m discover_packages(ignore) check parameters
[0.917s] [34mcolcon.colcon_core.package_discovery[0m [1;30mLevel 1[0m discover_packages(path) check parameters
[0.917s] [34mcolcon.colcon_core.package_discovery[0m [1;30mLevel 1[0m discover_packages(colcon_meta) discover
[0.917s] [34mcolcon.colcon_core.package_discovery[0m [1;30mLevel 1[0m discover_packages(recursive) discover
[0.917s] [34mcolcon.colcon_core.package_discovery[0m [1;30mINFO[0m Crawling recursively for packages in '/home/victor-22/p2_ws/P2RemoteConnection'
[0.917s] [34mcolcon.colcon_core.package_identification[0m [1;30mLevel 1[0m _identify(.) by extensions ['ignore', 'ignore_ament_install']
[0.917s] [34mcolcon.colcon_core.package_identification[0m [1;30mLevel 1[0m _identify(.) by extension 'ignore'
[0.918s] [34mcolcon.colcon_core.package_identification[0m [1;30mLevel 1[0m _identify(.) by extension 'ignore_ament_install'
[0.918s] [34mcolcon.colcon_core.package_identification[0m [1;30mLevel 1[0m _identify(.) by extensions ['colcon_pkg']
[0.918s] [34mcolcon.colcon_core.package_identification[0m [1;30mLevel 1[0m _identify(.) by extension 'colcon_pkg'
[0.918s] [34mcolcon.colcon_core.package_identification[0m [1;30mLevel 1[0m _identify(.) by extensions ['colcon_meta']
[0.918s] [34mcolcon.colcon_core.package_identification[0m [1;30mLevel 1[0m _identify(.) by extension 'colcon_meta'
[0.918s] [34mcolcon.colcon_core.package_identification[0m [1;30mLevel 1[0m _identify(.) by extensions ['ros']
[0.918s] [34mcolcon.colcon_core.package_identification[0m [1;30mLevel 1[0m _identify(.) by extension 'ros'
[0.959s] [34mcolcon.colcon_core.package_identification[0m [1;30mLevel 1[0m _identify(.) by extensions ['cmake', 'python']
[0.959s] [34mcolcon.colcon_core.package_identification[0m [1;30mLevel 1[0m _identify(.) by extension 'cmake'
[0.959s] [34mcolcon.colcon_core.package_identification[0m [1;30mLevel 1[0m _identify(.) by extension 'python'
[0.959s] [34mcolcon.colcon_core.package_identification[0m [1;30mLevel 1[0m _identify(.) by extensions ['python_setup_py']
[0.959s] [34mcolcon.colcon_core.package_identification[0m [1;30mLevel 1[0m _identify(.) by extension 'python_setup_py'
[0.959s] [34mcolcon.colcon_core.package_identification[0m [1;30mLevel 1[0m _identify(build) by extensions ['ignore', 'ignore_ament_install']
[0.959s] [34mcolcon.colcon_core.package_identification[0m [1;30mLevel 1[0m _identify(build) by extension 'ignore'
[0.959s] [34mcolcon.colcon_core.package_identification[0m [1;30mLevel 1[0m _identify(build) ignored
[0.959s] [34mcolcon.colcon_core.package_identification[0m [1;30mLevel 1[0m _identify(install) by extensions ['ignore', 'ignore_ament_install']
[0.960s] [34mcolcon.colcon_core.package_identification[0m [1;30mLevel 1[0m _identify(install) by extension 'ignore'
[0.960s] [34mcolcon.colcon_core.package_identification[0m [1;30mLevel 1[0m _identify(install) ignored
[0.960s] [34mcolcon.colcon_core.package_identification[0m [1;30mLevel 1[0m _identify(log) by extensions ['ignore', 'ignore_ament_install']
[0.960s] [34mcolcon.colcon_core.package_identification[0m [1;30mLevel 1[0m _identify(log) by extension 'ignore'
[0.960s] [34mcolcon.colcon_core.package_identification[0m [1;30mLevel 1[0m _identify(log) ignored
[0.960s] [34mcolcon.colcon_core.package_identification[0m [1;30mLevel 1[0m _identify(src) by extensions ['ignore', 'ignore_ament_install']
[0.960s] [34mcolcon.colcon_core.package_identification[0m [1;30mLevel 1[0m _identify(src) by extension 'ignore'
[0.960s] [34mcolcon.colcon_core.package_identification[0m [1;30mLevel 1[0m _identify(src) by extension 'ignore_ament_install'
[0.960s] [34mcolcon.colcon_core.package_identification[0m [1;30mLevel 1[0m _identify(src) by extensions ['colcon_pkg']
[0.960s] [34mcolcon.colcon_core.package_identification[0m [1;30mLevel 1[0m _identify(src) by extension 'colcon_pkg'
[0.960s] [34mcolcon.colcon_core.package_identification[0m [1;30mLevel 1[0m _identify(src) by extensions ['colcon_meta']
[0.960s] [34mcolcon.colcon_core.package_identification[0m [1;30mLevel 1[0m _identify(src) by extension 'colcon_meta'
[0.960s] [34mcolcon.colcon_core.package_identification[0m [1;30mLevel 1[0m _identify(src) by extensions ['ros']
[0.961s] [34mcolcon.colcon_core.package_identification[0m [1;30mLevel 1[0m _identify(src) by extension 'ros'
[0.961s] [34mcolcon.colcon_core.package_identification[0m [1;30mLevel 1[0m _identify(src) by extensions ['cmake', 'python']
[0.961s] [34mcolcon.colcon_core.package_identification[0m [1;30mLevel 1[0m _identify(src) by extension 'cmake'
[0.961s] [34mcolcon.colcon_core.package_identification[0m [1;30mLevel 1[0m _identify(src) by extension 'python'
[0.961s] [34mcolcon.colcon_core.package_identification[0m [1;30mLevel 1[0m _identify(src) by extensions ['python_setup_py']
[0.961s] [34mcolcon.colcon_core.package_identification[0m [1;30mLevel 1[0m _identify(src) by extension 'python_setup_py'
[0.961s] [34mcolcon.colcon_core.package_identification[0m [1;30mLevel 1[0m _identify(src/p2_remote_connection) by extensions ['ignore', 'ignore_ament_install']
[0.961s] [34mcolcon.colcon_core.package_identification[0m [1;30mLevel 1[0m _identify(src/p2_remote_connection) by extension 'ignore'
[0.961s] [34mcolcon.colcon_core.package_identification[0m [1;30mLevel 1[0m _identify(src/p2_remote_connection) by extension 'ignore_ament_install'
[0.961s] [34mcolcon.colcon_core.package_identification[0m [1;30mLevel 1[0m _identify(src/p2_remote_connection) by extensions ['colcon_pkg']
[0.961s] [34mcolcon.colcon_core.package_identification[0m [1;30mLevel 1[0m _identify(src/p2_remote_connection) by extension 'colcon_pkg'
[0.961s] [34mcolcon.colcon_core.package_identification[0m [1;30mLevel 1[0m _identify(src/p2_remote_connection) by extensions ['colcon_meta']
[0.961s] [34mcolcon.colcon_core.package_identification[0m [1;30mLevel 1[0m _identify(src/p2_remote_connection) by extension 'colcon_meta'
[0.961s] [34mcolcon.colcon_core.package_identification[0m [1;30mLevel 1[0m _identify(src/p2_remote_connection) by extensions ['ros']
[0.961s] [34mcolcon.colcon_core.package_identification[0m [1;30mLevel 1[0m _identify(src/p2_remote_connection) by extension 'ros'
[0.967s] [34mcolcon.colcon_core.package_identification[0m [1;30mDEBUG[0m [32mPackage 'src/p2_remote_connection' with type 'ros.ament_cmake' and name 'p2_remote_connection'[0m
[0.967s] [34mcolcon.colcon_core.package_discovery[0m [1;30mLevel 1[0m discover_packages(recursive) using defaults
[0.967s] [34mcolcon.colcon_core.package_discovery[0m [1;30mLevel 1[0m discover_packages(ignore) discover
[0.967s] [34mcolcon.colcon_core.package_discovery[0m [1;30mLevel 1[0m discover_packages(ignore) using defaults
[0.967s] [34mcolcon.colcon_core.package_discovery[0m [1;30mLevel 1[0m discover_packages(path) discover
[0.967s] [34mcolcon.colcon_core.package_discovery[0m [1;30mLevel 1[0m discover_packages(path) using defaults
[0.992s] [34mcolcon.colcon_core.package_discovery[0m [1;30mLevel 1[0m discover_packages(prefix_path) check parameters
[0.992s] [34mcolcon.colcon_core.package_discovery[0m [1;30mLevel 1[0m discover_packages(prefix_path) discover
[0.993s] [34mcolcon.colcon_ros.prefix_path.ament[0m [1;30mWARNING[0m [33mThe path '/home/victor-22/p2_ws/P2RemoteConnection/install/p2_remote_connection' in the environment variable AMENT_PREFIX_PATH doesn't exist[0m
[0.994s] [34mcolcon.colcon_ros.prefix_path.catkin[0m [1;30mWARNING[0m [33mThe path '/home/victor-22/p2_ws/P2RemoteConnection/install/p2_remote_connection' in the environment variable CMAKE_PREFIX_PATH doesn't exist[0m
[0.995s] [34mcolcon.colcon_installed_package_information.package_discovery[0m [1;30mDEBUG[0m [32mFound 0 installed packages in /home/victor-22/p2_ws/P2RemoteConnection/install[0m
[0.996s] [34mcolcon.colcon_installed_package_information.package_discovery[0m [1;30mDEBUG[0m [32mFound 3 installed packages in /home/victor-22/unitree_ros2/cyclonedds_ws/install[0m
[0.997s] [34mcolcon.colcon_installed_package_information.package_discovery[0m [1;30mDEBUG[0m [32mFound 326 installed packages in /opt/ros/humble[0m
[0.999s] [34mcolcon.colcon_core.package_discovery[0m [1;30mLevel 1[0m discover_packages(prefix_path) using defaults
[1.043s] [34mcolcon.colcon_core.verb[0m [1;30mLevel 5[0m set package 'p2_remote_connection' build argument 'cmake_args' from command line to 'None'
[1.043s] [34mcolcon.colcon_core.verb[0m [1;30mLevel 5[0m set package 'p2_remote_connection' build argument 'cmake_target' from command line to 'None'
[1.043s] [34mcolcon.colcon_core.verb[0m [1;30mLevel 5[0m set package 'p2_remote_connection' build argument 'cmake_target_skip_unavailable' from command line to 'False'
[1.043s] [34mcolcon.colcon_core.verb[0m [1;30mLevel 5[0m set package 'p2_remote_connection' build argument 'cmake_clean_cache' from command line to 'False'
[1.043s] [34mcolcon.colcon_core.verb[0m [1;30mLevel 5[0m set package 'p2_remote_connection' build argument 'cmake_clean_first' from command line to 'False'
[1.043s] [34mcolcon.colcon_core.verb[0m [1;30mLevel 5[0m set package 'p2_remote_connection' build argument 'cmake_force_configure' from command line to 'False'
[1.043s] [34mcolcon.colcon_core.verb[0m [1;30mLevel 5[0m set package 'p2_remote_connection' build argument 'ament_cmake_args' from command line to 'None'
[1.043s] [34mcolcon.colcon_core.verb[0m [1;30mLevel 5[0m set package 'p2_remote_connection' build argument 'catkin_cmake_args' from command line to 'None'
[1.043s] [34mcolcon.colcon_core.verb[0m [1;30mLevel 5[0m set package 'p2_remote_connection' build argument 'catkin_skip_building_tests' from command line to 'False'
[1.043s] [34mcolcon.colcon_core.verb[0m [1;30mDEBUG[0m [32mBuilding package 'p2_remote_connection' with the following arguments: {'ament_cmake_args': None, 'build_base': '/home/victor-22/p2_ws/P2RemoteConnection/build/p2_remote_connection', 'catkin_cmake_args': None, 'catkin_skip_building_tests': False, 'cmake_args': None, 'cmake_clean_cache': False, 'cmake_clean_first': False, 'cmake_force_configure': False, 'cmake_target': None, 'cmake_target_skip_unavailable': False, 'install_base': '/home/victor-22/p2_ws/P2RemoteConnection/install/p2_remote_connection', 'merge_install': False, 'path': '/home/victor-22/p2_ws/P2RemoteConnection/src/p2_remote_connection', 'symlink_install': False, 'test_result_base': None}[0m
[1.044s] [34mcolcon.colcon_core.executor[0m [1;30mINFO[0m Executing jobs using 'parallel' executor
[1.045s] [34mcolcon.colcon_parallel_executor.executor.parallel[0m [1;30mDEBUG[0m [32mrun_until_complete[0m
[1.045s] [34mcolcon.colcon_ros.task.ament_cmake.build[0m [1;30mINFO[0m Building ROS package in '/home/victor-22/p2_ws/P2RemoteConnection/src/p2_remote_connection' with build type 'ament_cmake'
[1.045s] [34mcolcon.colcon_cmake.task.cmake.build[0m [1;30mINFO[0m Building CMake package in '/home/victor-22/p2_ws/P2RemoteConnection/src/p2_remote_connection'
[1.048s] [34mcolcon.colcon_core.plugin_system[0m [1;30mINFO[0m Skipping extension 'colcon_core.shell.bat': Not used on non-Windows systems
[1.048s] [34mcolcon.colcon_core.shell[0m [1;30mINFO[0m Skip shell extension 'powershell' for command environment: Not usable outside of PowerShell
[1.048s] [34mcolcon.colcon_core.shell[0m [1;30mDEBUG[0m [32mSkip shell extension 'dsv' for command environment[0m
[1.055s] [34mcolcon.colcon_core.event_handler.log_command[0m [1;30mDEBUG[0m [32mInvoking command in '/home/victor-22/p2_ws/P2RemoteConnection/build/p2_remote_connection': CMAKE_PREFIX_PATH=${CMAKE_PREFIX_PATH}:/opt/ros/humble /home/victor-22/.local/bin/cmake /home/victor-22/p2_ws/P2RemoteConnection/src/p2_remote_connection -DCMAKE_INSTALL_PREFIX=/home/victor-22/p2_ws/P2RemoteConnection/install/p2_remote_connection[0m
[3.083s] [34mcolcon.colcon_core.event_handler.log_command[0m [1;30mDEBUG[0m [32mInvoked command in '/home/victor-22/p2_ws/P2RemoteConnection/build/p2_remote_connection' returned '1': CMAKE_PREFIX_PATH=${CMAKE_PREFIX_PATH}:/opt/ros/humble /home/victor-22/.local/bin/cmake /home/victor-22/p2_ws/P2RemoteConnection/src/p2_remote_connection -DCMAKE_INSTALL_PREFIX=/home/victor-22/p2_ws/P2RemoteConnection/install/p2_remote_connection[0m
[3.159s] [34mcolcon.colcon_core.environment[0m [1;30mLevel 1[0m create_environment_scripts_only(p2_remote_connection)
[3.162s] [34mcolcon.colcon_core.environment[0m [1;30mLevel 1[0m checking '/home/victor-22/p2_ws/P2RemoteConnection/install/p2_remote_connection' for CMake module files
[3.163s] [34mcolcon.colcon_core.environment[0m [1;30mLevel 1[0m checking '/home/victor-22/p2_ws/P2RemoteConnection/install/p2_remote_connection' for CMake config files
[3.163s] [34mcolcon.colcon_core.environment[0m [1;30mLevel 1[0m checking '/home/victor-22/p2_ws/P2RemoteConnection/install/p2_remote_connection/bin'
[3.163s] [34mcolcon.colcon_core.environment[0m [1;30mLevel 1[0m checking '/home/victor-22/p2_ws/P2RemoteConnection/install/p2_remote_connection/lib/pkgconfig/p2_remote_connection.pc'
[3.163s] [34mcolcon.colcon_core.environment[0m [1;30mLevel 1[0m checking '/home/victor-22/p2_ws/P2RemoteConnection/install/p2_remote_connection/lib/python3.10/site-packages'
[3.164s] [34mcolcon.colcon_core.environment[0m [1;30mLevel 1[0m checking '/home/victor-22/p2_ws/P2RemoteConnection/install/p2_remote_connection/bin'
[3.164s] [34mcolcon.colcon_core.shell[0m [1;30mINFO[0m Creating package script '/home/victor-22/p2_ws/P2RemoteConnection/install/p2_remote_connection/share/p2_remote_connection/package.ps1'
[3.165s] [34mcolcon.colcon_core.shell[0m [1;30mINFO[0m Creating package descriptor '/home/victor-22/p2_ws/P2RemoteConnection/install/p2_remote_connection/share/p2_remote_connection/package.dsv'
[3.165s] [34mcolcon.colcon_core.shell[0m [1;30mINFO[0m Creating package script '/home/victor-22/p2_ws/P2RemoteConnection/install/p2_remote_connection/share/p2_remote_connection/package.sh'
[3.166s] [34mcolcon.colcon_core.shell[0m [1;30mINFO[0m Creating package script '/home/victor-22/p2_ws/P2RemoteConnection/install/p2_remote_connection/share/p2_remote_connection/package.bash'
[3.167s] [34mcolcon.colcon_core.shell[0m [1;30mINFO[0m Creating package script '/home/victor-22/p2_ws/P2RemoteConnection/install/p2_remote_connection/share/p2_remote_connection/package.zsh'
[3.167s] [34mcolcon.colcon_core.environment[0m [1;30mLevel 1[0m create_file_with_runtime_dependencies(/home/victor-22/p2_ws/P2RemoteConnection/install/p2_remote_connection/share/colcon-core/packages/p2_remote_connection)
[3.178s] [34mcolcon.colcon_parallel_executor.executor.parallel[0m [1;30mDEBUG[0m [32mclosing loop[0m
[3.178s] [34mcolcon.colcon_parallel_executor.executor.parallel[0m [1;30mDEBUG[0m [32mloop closed[0m
[3.178s] [34mcolcon.colcon_parallel_executor.executor.parallel[0m [1;30mDEBUG[0m [32mrun_until_complete finished with '1'[0m
[3.178s] [34mcolcon.colcon_core.event_reactor[0m [1;30mDEBUG[0m [32mjoining thread[0m
[3.188s] [34mcolcon.colcon_core.plugin_system[0m [1;30mINFO[0m Skipping extension 'colcon_notification.desktop_notification.terminal_notifier': Not used on non-Darwin systems
[3.188s] [34mcolcon.colcon_core.plugin_system[0m [1;30mINFO[0m Skipping extension 'colcon_notification.desktop_notification.win32': Not used on non-Windows systems
[3.188s] [34mcolcon.colcon_notification.desktop_notification[0m [1;30mINFO[0m Sending desktop notification using 'notify2'
[3.201s] [34mcolcon.colcon_core.event_reactor[0m [1;30mDEBUG[0m [32mjoined thread[0m
[3.202s] [34mcolcon.colcon_core.shell[0m [1;30mINFO[0m Creating prefix script '/home/victor-22/p2_ws/P2RemoteConnection/install/local_setup.ps1'
[3.203s] [34mcolcon.colcon_core.shell[0m [1;30mINFO[0m Creating prefix util module '/home/victor-22/p2_ws/P2RemoteConnection/install/_local_setup_util_ps1.py'
[3.205s] [34mcolcon.colcon_core.shell[0m [1;30mINFO[0m Creating prefix chain script '/home/victor-22/p2_ws/P2RemoteConnection/install/setup.ps1'
[3.206s] [34mcolcon.colcon_core.shell[0m [1;30mINFO[0m Creating prefix script '/home/victor-22/p2_ws/P2RemoteConnection/install/local_setup.sh'
[3.207s] [34mcolcon.colcon_core.shell[0m [1;30mINFO[0m Creating prefix util module '/home/victor-22/p2_ws/P2RemoteConnection/install/_local_setup_util_sh.py'
[3.207s] [34mcolcon.colcon_core.shell[0m [1;30mINFO[0m Creating prefix chain script '/home/victor-22/p2_ws/P2RemoteConnection/install/setup.sh'
[3.209s] [34mcolcon.colcon_core.shell[0m [1;30mINFO[0m Creating prefix script '/home/victor-22/p2_ws/P2RemoteConnection/install/local_setup.bash'
[3.210s] [34mcolcon.colcon_core.shell[0m [1;30mINFO[0m Creating prefix chain script '/home/victor-22/p2_ws/P2RemoteConnection/install/setup.bash'
[3.211s] [34mcolcon.colcon_core.shell[0m [1;30mINFO[0m Creating prefix script '/home/victor-22/p2_ws/P2RemoteConnection/install/local_setup.zsh'
[3.212s] [34mcolcon.colcon_core.shell[0m [1;30mINFO[0m Creating prefix chain script '/home/victor-22/p2_ws/P2RemoteConnection/install/setup.zsh'
