-- The C compiler identification is GNU 9.4.0
-- The CXX compiler identification is GNU 9.4.0
-- Check for working C compiler: /usr/bin/cc
-- Check for working C compiler: /usr/bin/cc -- works
-- Detecting C compiler ABI info
-- Detecting C compiler ABI info - done
-- Detecting C compile features
-- Detecting C compile features - done
-- Check for working CXX compiler: /usr/bin/c++
-- Check for working CXX compiler: /usr/bin/c++ -- works
-- Detecting CXX compiler ABI info
-- Detecting CXX compiler ABI info - done
-- Detecting CXX compile features
-- Detecting CXX compile features - done
-- Found ament_cmake: 0.9.12 (/opt/ros/foxy/share/ament_cmake/cmake)
-- Found PythonInterp: /usr/bin/python3 (found suitable version "3.8.10", minimum required is "3") 
-- Using PYTHON_EXECUTABLE: /usr/bin/python3
-- Found rclcpp: 2.4.3 (/opt/ros/foxy/share/rclcpp/cmake)
-- Using all available rosidl_typesupport_c: rosidl_typesupport_fastrtps_c;rosidl_typesupport_introspection_c
-- Found rosidl_adapter: 1.3.1 (/opt/ros/foxy/share/rosidl_adapter/cmake)
-- Found OpenSSL: /usr/lib/aarch64-linux-gnu/libcrypto.so (found version "1.1.1f")  
-- Found FastRTPS: /opt/ros/foxy/include  
-- Using all available rosidl_typesupport_cpp: rosidl_typesupport_fastrtps_cpp;rosidl_typesupport_introspection_cpp
-- Found rmw_implementation_cmake: 1.0.4 (/opt/ros/foxy/share/rmw_implementation_cmake/cmake)
-- Using RMW implementation 'rmw_cyclonedds_cpp' as default
-- Looking for pthread.h
-- Looking for pthread.h - found
-- Performing Test CMAKE_HAVE_LIBC_PTHREAD
-- Performing Test CMAKE_HAVE_LIBC_PTHREAD - Failed
-- Looking for pthread_create in pthreads
-- Looking for pthread_create in pthreads - not found
-- Looking for pthread_create in pthread
-- Looking for pthread_create in pthread - found
-- Found Threads: TRUE  
-- Found geometry_msgs: 2.0.5 (/opt/ros/foxy/share/geometry_msgs/cmake)
-- Found unitree_api: 0.0.0 (/home/unitree/unitree_ros2/install/unitree_api/share/unitree_api/cmake)
-- Found unitree_go: 0.0.0 (/home/unitree/unitree_ros2/install/unitree_go/share/unitree_go/cmake)
-- Configuring done
-- Generating done
-- Build files have been written to: /home/unitree/p2_ws/P2RemoteConnection/build/p2_remote_connection
[35m[1mScanning dependencies of target web_teleop_bridge[0m
[ 66%] [32mBuilding CXX object CMakeFiles/web_teleop_bridge.dir/src/web_teleop_bridge.cpp.o[0m
[ 66%] [32mBuilding CXX object CMakeFiles/web_teleop_bridge.dir/src/common/ros2_sport_client.cpp.o[0m
[100%] [32m[1mLinking CXX executable web_teleop_bridge[0m
[100%] Built target web_teleop_bridge
-- Install configuration: ""
-- Installing: /home/unitree/p2_ws/P2RemoteConnection/install/p2_remote_connection/lib/p2_remote_connection/web_teleop_bridge
-- Set runtime path of "/home/unitree/p2_ws/P2RemoteConnection/install/p2_remote_connection/lib/p2_remote_connection/web_teleop_bridge" to ""
-- Installing: /home/unitree/p2_ws/P2RemoteConnection/install/p2_remote_connection/include/
-- Installing: /home/unitree/p2_ws/P2RemoteConnection/install/p2_remote_connection/include//p2_remote_connection
-- Installing: /home/unitree/p2_ws/P2RemoteConnection/install/p2_remote_connection/include//p2_remote_connection/common
-- Installing: /home/unitree/p2_ws/P2RemoteConnection/install/p2_remote_connection/include//p2_remote_connection/common/log
-- Installing: /home/unitree/p2_ws/P2RemoteConnection/install/p2_remote_connection/include//p2_remote_connection/common/log/latest_build
-- Installing: /home/unitree/p2_ws/P2RemoteConnection/install/p2_remote_connection/include//p2_remote_connection/common/log/build_2026-01-14_12-53-05
-- Installing: /home/unitree/p2_ws/P2RemoteConnection/install/p2_remote_connection/include//p2_remote_connection/common/log/build_2026-01-14_12-53-05/events.log
-- Installing: /home/unitree/p2_ws/P2RemoteConnection/install/p2_remote_connection/include//p2_remote_connection/common/log/build_2026-01-14_12-53-05/logger_all.log
-- Installing: /home/unitree/p2_ws/P2RemoteConnection/install/p2_remote_connection/include//p2_remote_connection/common/log/latest
-- Installing: /home/unitree/p2_ws/P2RemoteConnection/install/p2_remote_connection/include//p2_remote_connection/common/log/COLCON_IGNORE
-- Installing: /home/unitree/p2_ws/P2RemoteConnection/install/p2_remote_connection/include//p2_remote_connection/common/motor_crc.h
-- Installing: /home/unitree/p2_ws/P2RemoteConnection/install/p2_remote_connection/include//p2_remote_connection/common/build
-- Installing: /home/unitree/p2_ws/P2RemoteConnection/install/p2_remote_connection/include//p2_remote_connection/common/build/.built_by
-- Installing: /home/unitree/p2_ws/P2RemoteConnection/install/p2_remote_connection/include//p2_remote_connection/common/build/COLCON_IGNORE
-- Installing: /home/unitree/p2_ws/P2RemoteConnection/install/p2_remote_connection/include//p2_remote_connection/common/ros2_sport_client.h
-- Installing: /home/unitree/p2_ws/P2RemoteConnection/install/p2_remote_connection/include//p2_remote_connection/common/install
-- Installing: /home/unitree/p2_ws/P2RemoteConnection/install/p2_remote_connection/include//p2_remote_connection/common/install/local_setup.zsh
-- Installing: /home/unitree/p2_ws/P2RemoteConnection/install/p2_remote_connection/include//p2_remote_connection/common/install/local_setup.sh
-- Installing: /home/unitree/p2_ws/P2RemoteConnection/install/p2_remote_connection/include//p2_remote_connection/common/install/local_setup.ps1
-- Installing: /home/unitree/p2_ws/P2RemoteConnection/install/p2_remote_connection/include//p2_remote_connection/common/install/setup.bash
-- Installing: /home/unitree/p2_ws/P2RemoteConnection/install/p2_remote_connection/include//p2_remote_connection/common/install/setup.ps1
-- Installing: /home/unitree/p2_ws/P2RemoteConnection/install/p2_remote_connection/include//p2_remote_connection/common/install/local_setup.bash
-- Installing: /home/unitree/p2_ws/P2RemoteConnection/install/p2_remote_connection/include//p2_remote_connection/common/install/.colcon_install_layout
-- Installing: /home/unitree/p2_ws/P2RemoteConnection/install/p2_remote_connection/include//p2_remote_connection/common/install/setup.sh
-- Installing: /home/unitree/p2_ws/P2RemoteConnection/install/p2_remote_connection/include//p2_remote_connection/common/install/setup.zsh
-- Installing: /home/unitree/p2_ws/P2RemoteConnection/install/p2_remote_connection/include//p2_remote_connection/common/install/COLCON_IGNORE
-- Installing: /home/unitree/p2_ws/P2RemoteConnection/install/p2_remote_connection/include//p2_remote_connection/common/install/_local_setup_util_sh.py
-- Installing: /home/unitree/p2_ws/P2RemoteConnection/install/p2_remote_connection/include//p2_remote_connection/common/install/_local_setup_util_ps1.py
-- Installing: /home/unitree/p2_ws/P2RemoteConnection/install/p2_remote_connection/include//p2_remote_connection/common/patch.hpp
-- Installing: /home/unitree/p2_ws/P2RemoteConnection/install/p2_remote_connection/include//p2_remote_connection/command_transfer.h
-- Installing: /home/unitree/p2_ws/P2RemoteConnection/install/p2_remote_connection/share/ament_index/resource_index/package_run_dependencies/p2_remote_connection
-- Installing: /home/unitree/p2_ws/P2RemoteConnection/install/p2_remote_connection/share/ament_index/resource_index/parent_prefix_path/p2_remote_connection
-- Installing: /home/unitree/p2_ws/P2RemoteConnection/install/p2_remote_connection/share/p2_remote_connection/environment/ament_prefix_path.sh
-- Installing: /home/unitree/p2_ws/P2RemoteConnection/install/p2_remote_connection/share/p2_remote_connection/environment/ament_prefix_path.dsv
-- Installing: /home/unitree/p2_ws/P2RemoteConnection/install/p2_remote_connection/share/p2_remote_connection/environment/path.sh
-- Installing: /home/unitree/p2_ws/P2RemoteConnection/install/p2_remote_connection/share/p2_remote_connection/environment/path.dsv
-- Installing: /home/unitree/p2_ws/P2RemoteConnection/install/p2_remote_connection/share/p2_remote_connection/local_setup.bash
-- Installing: /home/unitree/p2_ws/P2RemoteConnection/install/p2_remote_connection/share/p2_remote_connection/local_setup.sh
-- Installing: /home/unitree/p2_ws/P2RemoteConnection/install/p2_remote_connection/share/p2_remote_connection/local_setup.zsh
-- Installing: /home/unitree/p2_ws/P2RemoteConnection/install/p2_remote_connection/share/p2_remote_connection/local_setup.dsv
-- Installing: /home/unitree/p2_ws/P2RemoteConnection/install/p2_remote_connection/share/p2_remote_connection/package.dsv
-- Installing: /home/unitree/p2_ws/P2RemoteConnection/install/p2_remote_connection/share/ament_index/resource_index/packages/p2_remote_connection
-- Installing: /home/unitree/p2_ws/P2RemoteConnection/install/p2_remote_connection/share/p2_remote_connection/cmake/p2_remote_connectionConfig.cmake
-- Installing: /home/unitree/p2_ws/P2RemoteConnection/install/p2_remote_connection/share/p2_remote_connection/cmake/p2_remote_connectionConfig-version.cmake
-- Installing: /home/unitree/p2_ws/P2RemoteConnection/install/p2_remote_connection/share/p2_remote_connection/package.xml
