[0.027s] Invoking command in '/home/unitree/p2_ws/P2RemoteConnection/build/p2_remote_connection': CMAKE_PREFIX_PATH=${CMAKE_PREFIX_PATH}:/opt/ros/foxy /usr/bin/cmake /home/unitree/p2_ws/P2RemoteConnection/src/p2_remote_connection -DCMAKE_INSTALL_PREFIX=/home/unitree/p2_ws/P2RemoteConnection/install/p2_remote_connection
[0.157s] -- The C compiler identification is GNU 9.4.0
[0.270s] -- The CXX compiler identification is GNU 9.4.0
[0.281s] -- Check for working C compiler: /usr/bin/cc
[0.443s] -- Check for working C compiler: /usr/bin/cc -- works
[0.445s] -- Detecting C compiler ABI info
[0.615s] -- Detecting C compiler ABI info - done
[0.649s] -- Detecting C compile features
[0.650s] -- Detecting C compile features - done
[0.655s] -- Check for working CXX compiler: /usr/bin/c++
[0.836s] -- Check for working CXX compiler: /usr/bin/c++ -- works
[0.838s] -- Detecting CXX compiler ABI info
[1.021s] -- Detecting CXX compiler ABI info - done
[1.056s] -- Detecting CXX compile features
[1.057s] -- Detecting CXX compile features - done
[1.064s] -- Found ament_cmake: 0.9.12 (/opt/ros/foxy/share/ament_cmake/cmake)
[1.127s] -- Found PythonInterp: /usr/bin/python3 (found suitable version "3.8.10", minimum required is "3") 
[1.127s] -- Using PYTHON_EXECUTABLE: /usr/bin/python3
[1.694s] -- Found rclcpp: 2.4.3 (/opt/ros/foxy/share/rclcpp/cmake)
[1.813s] -- Using all available rosidl_typesupport_c: rosidl_typesupport_fastrtps_c;rosidl_typesupport_introspection_c
[1.833s] -- Found rosidl_adapter: 1.3.1 (/opt/ros/foxy/share/rosidl_adapter/cmake)
[2.046s] -- Found OpenSSL: /usr/lib/aarch64-linux-gnu/libcrypto.so (found version "1.1.1f")  
[2.120s] -- Found FastRTPS: /opt/ros/foxy/include  
[2.317s] -- Using all available rosidl_typesupport_cpp: rosidl_typesupport_fastrtps_cpp;rosidl_typesupport_introspection_cpp
[2.456s] -- Found rmw_implementation_cmake: 1.0.4 (/opt/ros/foxy/share/rmw_implementation_cmake/cmake)
[2.459s] -- Using RMW implementation 'rmw_cyclonedds_cpp' as default
[2.461s] -- Looking for pthread.h
[2.631s] -- Looking for pthread.h - found
[2.631s] -- Performing Test CMAKE_HAVE_LIBC_PTHREAD
[2.807s] -- Performing Test CMAKE_HAVE_LIBC_PTHREAD - Failed
[2.808s] -- Looking for pthread_create in pthreads
[2.960s] -- Looking for pthread_create in pthreads - not found
[2.960s] -- Looking for pthread_create in pthread
[3.132s] -- Looking for pthread_create in pthread - found
[3.136s] -- Found Threads: TRUE  
[3.500s] -- Found geometry_msgs: 2.0.5 (/opt/ros/foxy/share/geometry_msgs/cmake)
[3.576s] -- Found unitree_api: 0.0.0 (/home/unitree/unitree_ros2/install/unitree_api/share/unitree_api/cmake)
[3.706s] -- Found unitree_go: 0.0.0 (/home/unitree/unitree_ros2/install/unitree_go/share/unitree_go/cmake)
[3.991s] -- Configuring done
[4.013s] -- Generating done
[4.023s] -- Build files have been written to: /home/unitree/p2_ws/P2RemoteConnection/build/p2_remote_connection
[4.046s] Invoked command in '/home/unitree/p2_ws/P2RemoteConnection/build/p2_remote_connection' returned '0': CMAKE_PREFIX_PATH=${CMAKE_PREFIX_PATH}:/opt/ros/foxy /usr/bin/cmake /home/unitree/p2_ws/P2RemoteConnection/src/p2_remote_connection -DCMAKE_INSTALL_PREFIX=/home/unitree/p2_ws/P2RemoteConnection/install/p2_remote_connection
[4.053s] Invoking command in '/home/unitree/p2_ws/P2RemoteConnection/build/p2_remote_connection': CMAKE_PREFIX_PATH=${CMAKE_PREFIX_PATH}:/opt/ros/foxy /usr/bin/cmake --build /home/unitree/p2_ws/P2RemoteConnection/build/p2_remote_connection -- -j4 -l4
[4.161s] [35m[1mScanning dependencies of target web_teleop_bridge[0m
[4.261s] [ 66%] [32mBuilding CXX object CMakeFiles/web_teleop_bridge.dir/src/web_teleop_bridge.cpp.o[0m
[4.261s] [ 66%] [32mBuilding CXX object CMakeFiles/web_teleop_bridge.dir/src/common/ros2_sport_client.cpp.o[0m
[23.968s] [100%] [32m[1mLinking CXX executable web_teleop_bridge[0m
[25.046s] [100%] Built target web_teleop_bridge
[25.077s] Invoked command in '/home/unitree/p2_ws/P2RemoteConnection/build/p2_remote_connection' returned '0': CMAKE_PREFIX_PATH=${CMAKE_PREFIX_PATH}:/opt/ros/foxy /usr/bin/cmake --build /home/unitree/p2_ws/P2RemoteConnection/build/p2_remote_connection -- -j4 -l4
[25.113s] Invoking command in '/home/unitree/p2_ws/P2RemoteConnection/build/p2_remote_connection': CMAKE_PREFIX_PATH=${CMAKE_PREFIX_PATH}:/opt/ros/foxy /usr/bin/cmake --install /home/unitree/p2_ws/P2RemoteConnection/build/p2_remote_connection
[25.138s] -- Install configuration: ""
[25.138s] -- Installing: /home/unitree/p2_ws/P2RemoteConnection/install/p2_remote_connection/lib/p2_remote_connection/web_teleop_bridge
[25.148s] -- Set runtime path of "/home/unitree/p2_ws/P2RemoteConnection/install/p2_remote_connection/lib/p2_remote_connection/web_teleop_bridge" to ""
[25.148s] -- Installing: /home/unitree/p2_ws/P2RemoteConnection/install/p2_remote_connection/include/
[25.148s] -- Installing: /home/unitree/p2_ws/P2RemoteConnection/install/p2_remote_connection/include//p2_remote_connection
[25.148s] -- Installing: /home/unitree/p2_ws/P2RemoteConnection/install/p2_remote_connection/include//p2_remote_connection/common
[25.149s] -- Installing: /home/unitree/p2_ws/P2RemoteConnection/install/p2_remote_connection/include//p2_remote_connection/common/log
[25.149s] -- Installing: /home/unitree/p2_ws/P2RemoteConnection/install/p2_remote_connection/include//p2_remote_connection/common/log/latest_build
[25.149s] -- Installing: /home/unitree/p2_ws/P2RemoteConnection/install/p2_remote_connection/include//p2_remote_connection/common/log/build_2026-01-14_12-53-05
[25.149s] -- Installing: /home/unitree/p2_ws/P2RemoteConnection/install/p2_remote_connection/include//p2_remote_connection/common/log/build_2026-01-14_12-53-05/events.log
[25.150s] -- Installing: /home/unitree/p2_ws/P2RemoteConnection/install/p2_remote_connection/include//p2_remote_connection/common/log/build_2026-01-14_12-53-05/logger_all.log
[25.150s] -- Installing: /home/unitree/p2_ws/P2RemoteConnection/install/p2_remote_connection/include//p2_remote_connection/common/log/latest
[25.150s] -- Installing: /home/unitree/p2_ws/P2RemoteConnection/install/p2_remote_connection/include//p2_remote_connection/common/log/COLCON_IGNORE
[25.150s] -- Installing: /home/unitree/p2_ws/P2RemoteConnection/install/p2_remote_connection/include//p2_remote_connection/common/motor_crc.h
[25.151s] -- Installing: /home/unitree/p2_ws/P2RemoteConnection/install/p2_remote_connection/include//p2_remote_connection/common/build
[25.151s] -- Installing: /home/unitree/p2_ws/P2RemoteConnection/install/p2_remote_connection/include//p2_remote_connection/common/build/.built_by
[25.151s] -- Installing: /home/unitree/p2_ws/P2RemoteConnection/install/p2_remote_connection/include//p2_remote_connection/common/build/COLCON_IGNORE
[25.152s] -- Installing: /home/unitree/p2_ws/P2RemoteConnection/install/p2_remote_connection/include//p2_remote_connection/common/ros2_sport_client.h
[25.152s] -- Installing: /home/unitree/p2_ws/P2RemoteConnection/install/p2_remote_connection/include//p2_remote_connection/common/install
[25.152s] -- Installing: /home/unitree/p2_ws/P2RemoteConnection/install/p2_remote_connection/include//p2_remote_connection/common/install/local_setup.zsh
[25.152s] -- Installing: /home/unitree/p2_ws/P2RemoteConnection/install/p2_remote_connection/include//p2_remote_connection/common/install/local_setup.sh
[25.153s] -- Installing: /home/unitree/p2_ws/P2RemoteConnection/install/p2_remote_connection/include//p2_remote_connection/common/install/local_setup.ps1
[25.153s] -- Installing: /home/unitree/p2_ws/P2RemoteConnection/install/p2_remote_connection/include//p2_remote_connection/common/install/setup.bash
[25.153s] -- Installing: /home/unitree/p2_ws/P2RemoteConnection/install/p2_remote_connection/include//p2_remote_connection/common/install/setup.ps1
[25.154s] -- Installing: /home/unitree/p2_ws/P2RemoteConnection/install/p2_remote_connection/include//p2_remote_connection/common/install/local_setup.bash
[25.154s] -- Installing: /home/unitree/p2_ws/P2RemoteConnection/install/p2_remote_connection/include//p2_remote_connection/common/install/.colcon_install_layout
[25.154s] -- Installing: /home/unitree/p2_ws/P2RemoteConnection/install/p2_remote_connection/include//p2_remote_connection/common/install/setup.sh
[25.155s] -- Installing: /home/unitree/p2_ws/P2RemoteConnection/install/p2_remote_connection/include//p2_remote_connection/common/install/setup.zsh
[25.155s] -- Installing: /home/unitree/p2_ws/P2RemoteConnection/install/p2_remote_connection/include//p2_remote_connection/common/install/COLCON_IGNORE
[25.155s] -- Installing: /home/unitree/p2_ws/P2RemoteConnection/install/p2_remote_connection/include//p2_remote_connection/common/install/_local_setup_util_sh.py
[25.156s] -- Installing: /home/unitree/p2_ws/P2RemoteConnection/install/p2_remote_connection/include//p2_remote_connection/common/install/_local_setup_util_ps1.py
[25.156s] -- Installing: /home/unitree/p2_ws/P2RemoteConnection/install/p2_remote_connection/include//p2_remote_connection/common/patch.hpp
[25.157s] -- Installing: /home/unitree/p2_ws/P2RemoteConnection/install/p2_remote_connection/include//p2_remote_connection/command_transfer.h
[25.157s] -- Installing: /home/unitree/p2_ws/P2RemoteConnection/install/p2_remote_connection/share/ament_index/resource_index/package_run_dependencies/p2_remote_connection
[25.158s] -- Installing: /home/unitree/p2_ws/P2RemoteConnection/install/p2_remote_connection/share/ament_index/resource_index/parent_prefix_path/p2_remote_connection
[25.158s] -- Installing: /home/unitree/p2_ws/P2RemoteConnection/install/p2_remote_connection/share/p2_remote_connection/environment/ament_prefix_path.sh
[25.159s] -- Installing: /home/unitree/p2_ws/P2RemoteConnection/install/p2_remote_connection/share/p2_remote_connection/environment/ament_prefix_path.dsv
[25.159s] -- Installing: /home/unitree/p2_ws/P2RemoteConnection/install/p2_remote_connection/share/p2_remote_connection/environment/path.sh
[25.159s] -- Installing: /home/unitree/p2_ws/P2RemoteConnection/install/p2_remote_connection/share/p2_remote_connection/environment/path.dsv
[25.160s] -- Installing: /home/unitree/p2_ws/P2RemoteConnection/install/p2_remote_connection/share/p2_remote_connection/local_setup.bash
[25.160s] -- Installing: /home/unitree/p2_ws/P2RemoteConnection/install/p2_remote_connection/share/p2_remote_connection/local_setup.sh
[25.160s] -- Installing: /home/unitree/p2_ws/P2RemoteConnection/install/p2_remote_connection/share/p2_remote_connection/local_setup.zsh
[25.161s] -- Installing: /home/unitree/p2_ws/P2RemoteConnection/install/p2_remote_connection/share/p2_remote_connection/local_setup.dsv
[25.161s] -- Installing: /home/unitree/p2_ws/P2RemoteConnection/install/p2_remote_connection/share/p2_remote_connection/package.dsv
[25.162s] -- Installing: /home/unitree/p2_ws/P2RemoteConnection/install/p2_remote_connection/share/ament_index/resource_index/packages/p2_remote_connection
[25.162s] -- Installing: /home/unitree/p2_ws/P2RemoteConnection/install/p2_remote_connection/share/p2_remote_connection/cmake/p2_remote_connectionConfig.cmake
[25.163s] -- Installing: /home/unitree/p2_ws/P2RemoteConnection/install/p2_remote_connection/share/p2_remote_connection/cmake/p2_remote_connectionConfig-version.cmake
[25.163s] -- Installing: /home/unitree/p2_ws/P2RemoteConnection/install/p2_remote_connection/share/p2_remote_connection/package.xml
[25.168s] Invoked command in '/home/unitree/p2_ws/P2RemoteConnection/build/p2_remote_connection' returned '0': CMAKE_PREFIX_PATH=${CMAKE_PREFIX_PATH}:/opt/ros/foxy /usr/bin/cmake --install /home/unitree/p2_ws/P2RemoteConnection/build/p2_remote_connection
