[0.010s] Invoking command in '/home/victor-22/p2_ws/P2RemoteConnection/build/p2_remote_connection': CMAKE_PREFIX_PATH=${CMAKE_PREFIX_PATH}:/opt/ros/humble /home/victor-22/.local/bin/cmake /home/victor-22/p2_ws/P2RemoteConnection/src/p2_remote_connection -DCMAKE_INSTALL_PREFIX=/home/victor-22/p2_ws/P2RemoteConnection/install/p2_remote_connection
[0.548s] -- The C compiler identification is GNU 11.4.0
[0.737s] -- The CXX compiler identification is GNU 11.4.0
[0.753s] -- Detecting C compiler ABI info
[0.880s] -- Detecting C compiler ABI info - done
[0.902s] -- Check for working C compiler: /usr/bin/cc - skipped
[0.902s] -- Detecting C compile features
[0.903s] -- Detecting C compile features - done
[0.918s] -- Detecting CXX compiler ABI info
[1.043s] -- Detecting CXX compiler ABI info - done
[1.060s] -- Check for working CXX compiler: /usr/bin/c++ - skipped
[1.060s] -- Detecting CXX compile features
[1.061s] -- Detecting CXX compile features - done
[1.067s] [31mCMake Error at CMakeLists.txt:10 (target_compile_features):
[1.067s]   Cannot specify compile features for target "web_teleop_bridge" which is not
[1.067s]   built by this project.
[1.067s] 
[1.067s] [0m
[1.067s] [31mCMake Error at CMakeLists.txt:11 (target_compile_options):
[1.067s]   Cannot specify compile options for target "web_teleop_bridge" which is not
[1.067s]   built by this project.
[1.067s] 
[1.067s] [0m
[1.071s] -- Found ament_cmake: 1.3.12 (/opt/ros/humble/share/ament_cmake/cmake)
[1.202s] -- Found Python3: /usr/bin/python3 (found version "3.10.12") found components: Interpreter
[1.347s] -- Found rclcpp: 16.0.15 (/opt/ros/humble/share/rclcpp/cmake)
[1.432s] -- Found rosidl_generator_c: 3.1.7 (/opt/ros/humble/share/rosidl_generator_c/cmake)
[1.440s] -- Found rosidl_adapter: 3.1.7 (/opt/ros/humble/share/rosidl_adapter/cmake)
[1.453s] -- Found rosidl_generator_cpp: 3.1.7 (/opt/ros/humble/share/rosidl_generator_cpp/cmake)
[1.474s] -- Using all available rosidl_typesupport_c: rosidl_typesupport_fastrtps_c;rosidl_typesupport_introspection_c
[1.512s] -- Using all available rosidl_typesupport_cpp: rosidl_typesupport_fastrtps_cpp;rosidl_typesupport_introspection_cpp
[1.588s] -- Found rmw_implementation_cmake: 6.1.2 (/opt/ros/humble/share/rmw_implementation_cmake/cmake)
[1.591s] -- Found rmw_cyclonedds_cpp: 1.3.4 (/opt/ros/humble/share/rmw_cyclonedds_cpp/cmake)
[1.643s] -- Using RMW implementation 'rmw_cyclonedds_cpp' as default
[1.660s] -- Performing Test CMAKE_HAVE_LIBC_PTHREAD
[1.775s] -- Performing Test CMAKE_HAVE_LIBC_PTHREAD - Success
[1.776s] -- Found Threads: TRUE
[1.889s] -- Found geometry_msgs: 4.9.0 (/opt/ros/humble/share/geometry_msgs/cmake)
[1.913s] -- Found unitree_api: 0.0.0 (/home/victor-22/unitree_ros2/cyclonedds_ws/install/unitree_api/share/unitree_api/cmake)
[1.940s] -- Found unitree_go: 0.0.0 (/home/victor-22/unitree_ros2/cyclonedds_ws/install/unitree_go/share/unitree_go/cmake)
[2.030s] -- Configuring incomplete, errors occurred!
[2.038s] Invoked command in '/home/victor-22/p2_ws/P2RemoteConnection/build/p2_remote_connection' returned '1': CMAKE_PREFIX_PATH=${CMAKE_PREFIX_PATH}:/opt/ros/humble /home/victor-22/.local/bin/cmake /home/victor-22/p2_ws/P2RemoteConnection/src/p2_remote_connection -DCMAKE_INSTALL_PREFIX=/home/victor-22/p2_ws/P2RemoteConnection/install/p2_remote_connection
