[100%] Built target web_teleop_bridge
-- Install configuration: ""
-- Up-to-date: /home/unitree/p2_ws/P2RemoteConnection/install/p2_remote_connection/lib/p2_remote_connection/web_teleop_bridge
-- Up-to-date: /home/unitree/p2_ws/P2RemoteConnection/install/p2_remote_connection/include/
-- Up-to-date: /home/unitree/p2_ws/P2RemoteConnection/install/p2_remote_connection/include//p2_remote_connection
-- Up-to-date: /home/unitree/p2_ws/P2RemoteConnection/install/p2_remote_connection/include//p2_remote_connection/common
-- Up-to-date: /home/unitree/p2_ws/P2RemoteConnection/install/p2_remote_connection/include//p2_remote_connection/common/log
-- Up-to-date: /home/unitree/p2_ws/P2RemoteConnection/install/p2_remote_connection/include//p2_remote_connection/common/log/latest_build
-- Up-to-date: /home/unitree/p2_ws/P2RemoteConnection/install/p2_remote_connection/include//p2_remote_connection/common/log/build_2026-01-14_12-53-05
-- Up-to-date: /home/unitree/p2_ws/P2RemoteConnection/install/p2_remote_connection/include//p2_remote_connection/common/log/build_2026-01-14_12-53-05/events.log
-- Up-to-date: /home/unitree/p2_ws/P2RemoteConnection/install/p2_remote_connection/include//p2_remote_connection/common/log/build_2026-01-14_12-53-05/logger_all.log
-- Up-to-date: /home/unitree/p2_ws/P2RemoteConnection/install/p2_remote_connection/include//p2_remote_connection/common/log/latest
-- Up-to-date: /home/unitree/p2_ws/P2RemoteConnection/install/p2_remote_connection/include//p2_remote_connection/common/log/COLCON_IGNORE
-- Up-to-date: /home/unitree/p2_ws/P2RemoteConnection/install/p2_remote_connection/include//p2_remote_connection/common/motor_crc.h
-- Up-to-date: /home/unitree/p2_ws/P2RemoteConnection/install/p2_remote_connection/include//p2_remote_connection/common/build
-- Up-to-date: /home/unitree/p2_ws/P2RemoteConnection/install/p2_remote_connection/include//p2_remote_connection/common/build/.built_by
-- Up-to-date: /home/unitree/p2_ws/P2RemoteConnection/install/p2_remote_connection/include//p2_remote_connection/common/build/COLCON_IGNORE
-- Up-to-date: /home/unitree/p2_ws/P2RemoteConnection/install/p2_remote_connection/include//p2_remote_connection/common/ros2_sport_client.h
-- Up-to-date: /home/unitree/p2_ws/P2RemoteConnection/install/p2_remote_connection/include//p2_remote_connection/common/install
-- Up-to-date: /home/unitree/p2_ws/P2RemoteConnection/install/p2_remote_connection/include//p2_remote_connection/common/install/local_setup.zsh
-- Up-to-date: /home/unitree/p2_ws/P2RemoteConnection/install/p2_remote_connection/include//p2_remote_connection/common/install/local_setup.sh
-- Up-to-date: /home/unitree/p2_ws/P2RemoteConnection/install/p2_remote_connection/include//p2_remote_connection/common/install/local_setup.ps1
-- Up-to-date: /home/unitree/p2_ws/P2RemoteConnection/install/p2_remote_connection/include//p2_remote_connection/common/install/setup.bash
-- Up-to-date: /home/unitree/p2_ws/P2RemoteConnection/install/p2_remote_connection/include//p2_remote_connection/common/install/setup.ps1
-- Up-to-date: /home/unitree/p2_ws/P2RemoteConnection/install/p2_remote_connection/include//p2_remote_connection/common/install/local_setup.bash
-- Up-to-date: /home/unitree/p2_ws/P2RemoteConnection/install/p2_remote_connection/include//p2_remote_connection/common/install/.colcon_install_layout
-- Up-to-date: /home/unitree/p2_ws/P2RemoteConnection/install/p2_remote_connection/include//p2_remote_connection/common/install/setup.sh
-- Up-to-date: /home/unitree/p2_ws/P2RemoteConnection/install/p2_remote_connection/include//p2_remote_connection/common/install/setup.zsh
-- Up-to-date: /home/unitree/p2_ws/P2RemoteConnection/install/p2_remote_connection/include//p2_remote_connection/common/install/COLCON_IGNORE
-- Up-to-date: /home/unitree/p2_ws/P2RemoteConnection/install/p2_remote_connection/include//p2_remote_connection/common/install/_local_setup_util_sh.py
-- Up-to-date: /home/unitree/p2_ws/P2RemoteConnection/install/p2_remote_connection/include//p2_remote_connection/common/install/_local_setup_util_ps1.py
-- Up-to-date: /home/unitree/p2_ws/P2RemoteConnection/install/p2_remote_connection/include//p2_remote_connection/common/patch.hpp
-- Up-to-date: /home/unitree/p2_ws/P2RemoteConnection/install/p2_remote_connection/include//p2_remote_connection/command_transfer.h
-- Up-to-date: /home/unitree/p2_ws/P2RemoteConnection/install/p2_remote_connection/share/ament_index/resource_index/package_run_dependencies/p2_remote_connection
-- Up-to-date: /home/unitree/p2_ws/P2RemoteConnection/install/p2_remote_connection/share/ament_index/resource_index/parent_prefix_path/p2_remote_connection
-- Up-to-date: /home/unitree/p2_ws/P2RemoteConnection/install/p2_remote_connection/share/p2_remote_connection/environment/ament_prefix_path.sh
-- Up-to-date: /home/unitree/p2_ws/P2RemoteConnection/install/p2_remote_connection/share/p2_remote_connection/environment/ament_prefix_path.dsv
-- Up-to-date: /home/unitree/p2_ws/P2RemoteConnection/install/p2_remote_connection/share/p2_remote_connection/environment/path.sh
-- Up-to-date: /home/unitree/p2_ws/P2RemoteConnection/install/p2_remote_connection/share/p2_remote_connection/environment/path.dsv
-- Up-to-date: /home/unitree/p2_ws/P2RemoteConnection/install/p2_remote_connection/share/p2_remote_connection/local_setup.bash
-- Up-to-date: /home/unitree/p2_ws/P2RemoteConnection/install/p2_remote_connection/share/p2_remote_connection/local_setup.sh
-- Up-to-date: /home/unitree/p2_ws/P2RemoteConnection/install/p2_remote_connection/share/p2_remote_connection/local_setup.zsh
-- Up-to-date: /home/unitree/p2_ws/P2RemoteConnection/install/p2_remote_connection/share/p2_remote_connection/local_setup.dsv
-- Installing: /home/unitree/p2_ws/P2RemoteConnection/install/p2_remote_connection/share/p2_remote_connection/package.dsv
-- Up-to-date: /home/unitree/p2_ws/P2RemoteConnection/install/p2_remote_connection/share/ament_index/resource_index/packages/p2_remote_connection
-- Up-to-date: /home/unitree/p2_ws/P2RemoteConnection/install/p2_remote_connection/share/p2_remote_connection/cmake/p2_remote_connectionConfig.cmake
-- Up-to-date: /home/unitree/p2_ws/P2RemoteConnection/install/p2_remote_connection/share/p2_remote_connection/cmake/p2_remote_connectionConfig-version.cmake
-- Up-to-date: /home/unitree/p2_ws/P2RemoteConnection/install/p2_remote_connection/share/p2_remote_connection/package.xml
