[0.033s] Invoking command in '/home/unitree/p2_ws/P2RemoteConnection/build/p2_remote_connection': CMAKE_PREFIX_PATH=${CMAKE_PREFIX_PATH}:/opt/ros/foxy /usr/bin/cmake --build /home/unitree/p2_ws/P2RemoteConnection/build/p2_remote_connection -- -j4 -l4
[0.206s] [100%] Built target web_teleop_bridge
[0.237s] Invoked command in '/home/unitree/p2_ws/P2RemoteConnection/build/p2_remote_connection' returned '0': CMAKE_PREFIX_PATH=${CMAKE_PREFIX_PATH}:/opt/ros/foxy /usr/bin/cmake --build /home/unitree/p2_ws/P2RemoteConnection/build/p2_remote_connection -- -j4 -l4
[0.275s] Invoking command in '/home/unitree/p2_ws/P2RemoteConnection/build/p2_remote_connection': CMAKE_PREFIX_PATH=${CMAKE_PREFIX_PATH}:/opt/ros/foxy /usr/bin/cmake --install /home/unitree/p2_ws/P2RemoteConnection/build/p2_remote_connection
[0.300s] -- Install configuration: ""
[0.300s] -- Up-to-date: /home/unitree/p2_ws/P2RemoteConnection/install/p2_remote_connection/lib/p2_remote_connection/web_teleop_bridge
[0.301s] -- Up-to-date: /home/unitree/p2_ws/P2RemoteConnection/install/p2_remote_connection/include/
[0.301s] -- Up-to-date: /home/unitree/p2_ws/P2RemoteConnection/install/p2_remote_connection/include//p2_remote_connection
[0.302s] -- Up-to-date: /home/unitree/p2_ws/P2RemoteConnection/install/p2_remote_connection/include//p2_remote_connection/common
[0.303s] -- Up-to-date: /home/unitree/p2_ws/P2RemoteConnection/install/p2_remote_connection/include//p2_remote_connection/common/log
[0.303s] -- Up-to-date: /home/unitree/p2_ws/P2RemoteConnection/install/p2_remote_connection/include//p2_remote_connection/common/log/latest_build
[0.303s] -- Up-to-date: /home/unitree/p2_ws/P2RemoteConnection/install/p2_remote_connection/include//p2_remote_connection/common/log/build_2026-01-14_12-53-05
[0.303s] -- Up-to-date: /home/unitree/p2_ws/P2RemoteConnection/install/p2_remote_connection/include//p2_remote_connection/common/log/build_2026-01-14_12-53-05/events.log
[0.304s] -- Up-to-date: /home/unitree/p2_ws/P2RemoteConnection/install/p2_remote_connection/include//p2_remote_connection/common/log/build_2026-01-14_12-53-05/logger_all.log
[0.304s] -- Up-to-date: /home/unitree/p2_ws/P2RemoteConnection/install/p2_remote_connection/include//p2_remote_connection/common/log/latest
[0.304s] -- Up-to-date: /home/unitree/p2_ws/P2RemoteConnection/install/p2_remote_connection/include//p2_remote_connection/common/log/COLCON_IGNORE
[0.304s] -- Up-to-date: /home/unitree/p2_ws/P2RemoteConnection/install/p2_remote_connection/include//p2_remote_connection/common/motor_crc.h
[0.305s] -- Up-to-date: /home/unitree/p2_ws/P2RemoteConnection/install/p2_remote_connection/include//p2_remote_connection/common/build
[0.305s] -- Up-to-date: /home/unitree/p2_ws/P2RemoteConnection/install/p2_remote_connection/include//p2_remote_connection/common/build/.built_by
[0.305s] -- Up-to-date: /home/unitree/p2_ws/P2RemoteConnection/install/p2_remote_connection/include//p2_remote_connection/common/build/COLCON_IGNORE
[0.305s] -- Up-to-date: /home/unitree/p2_ws/P2RemoteConnection/install/p2_remote_connection/include//p2_remote_connection/common/ros2_sport_client.h
[0.305s] -- Up-to-date: /home/unitree/p2_ws/P2RemoteConnection/install/p2_remote_connection/include//p2_remote_connection/common/install
[0.306s] -- Up-to-date: /home/unitree/p2_ws/P2RemoteConnection/install/p2_remote_connection/include//p2_remote_connection/common/install/local_setup.zsh
[0.306s] -- Up-to-date: /home/unitree/p2_ws/P2RemoteConnection/install/p2_remote_connection/include//p2_remote_connection/common/install/local_setup.sh
[0.306s] -- Up-to-date: /home/unitree/p2_ws/P2RemoteConnection/install/p2_remote_connection/include//p2_remote_connection/common/install/local_setup.ps1
[0.306s] -- Up-to-date: /home/unitree/p2_ws/P2RemoteConnection/install/p2_remote_connection/include//p2_remote_connection/common/install/setup.bash
[0.306s] -- Up-to-date: /home/unitree/p2_ws/P2RemoteConnection/install/p2_remote_connection/include//p2_remote_connection/common/install/setup.ps1
[0.307s] -- Up-to-date: /home/unitree/p2_ws/P2RemoteConnection/install/p2_remote_connection/include//p2_remote_connection/common/install/local_setup.bash
[0.307s] -- Up-to-date: /home/unitree/p2_ws/P2RemoteConnection/install/p2_remote_connection/include//p2_remote_connection/common/install/.colcon_install_layout
[0.307s] -- Up-to-date: /home/unitree/p2_ws/P2RemoteConnection/install/p2_remote_connection/include//p2_remote_connection/common/install/setup.sh
[0.307s] -- Up-to-date: /home/unitree/p2_ws/P2RemoteConnection/install/p2_remote_connection/include//p2_remote_connection/common/install/setup.zsh
[0.307s] -- Up-to-date: /home/unitree/p2_ws/P2RemoteConnection/install/p2_remote_connection/include//p2_remote_connection/common/install/COLCON_IGNORE
[0.308s] -- Up-to-date: /home/unitree/p2_ws/P2RemoteConnection/install/p2_remote_connection/include//p2_remote_connection/common/install/_local_setup_util_sh.py
[0.309s] -- Up-to-date: /home/unitree/p2_ws/P2RemoteConnection/install/p2_remote_connection/include//p2_remote_connection/common/install/_local_setup_util_ps1.py
[0.311s] -- Up-to-date: /home/unitree/p2_ws/P2RemoteConnection/install/p2_remote_connection/include//p2_remote_connection/common/patch.hpp
[0.312s] -- Up-to-date: /home/unitree/p2_ws/P2RemoteConnection/install/p2_remote_connection/include//p2_remote_connection/command_transfer.h
[0.312s] -- Up-to-date: /home/unitree/p2_ws/P2RemoteConnection/install/p2_remote_connection/share/ament_index/resource_index/package_run_dependencies/p2_remote_connection
[0.313s] -- Up-to-date: /home/unitree/p2_ws/P2RemoteConnection/install/p2_remote_connection/share/ament_index/resource_index/parent_prefix_path/p2_remote_connection
[0.314s] -- Up-to-date: /home/unitree/p2_ws/P2RemoteConnection/install/p2_remote_connection/share/p2_remote_connection/environment/ament_prefix_path.sh
[0.314s] -- Up-to-date: /home/unitree/p2_ws/P2RemoteConnection/install/p2_remote_connection/share/p2_remote_connection/environment/ament_prefix_path.dsv
[0.315s] -- Up-to-date: /home/unitree/p2_ws/P2RemoteConnection/install/p2_remote_connection/share/p2_remote_connection/environment/path.sh
[0.316s] -- Up-to-date: /home/unitree/p2_ws/P2RemoteConnection/install/p2_remote_connection/share/p2_remote_connection/environment/path.dsv
[0.316s] -- Up-to-date: /home/unitree/p2_ws/P2RemoteConnection/install/p2_remote_connection/share/p2_remote_connection/local_setup.bash
[0.317s] -- Up-to-date: /home/unitree/p2_ws/P2RemoteConnection/install/p2_remote_connection/share/p2_remote_connection/local_setup.sh
[0.317s] -- Up-to-date: /home/unitree/p2_ws/P2RemoteConnection/install/p2_remote_connection/share/p2_remote_connection/local_setup.zsh
[0.318s] -- Up-to-date: /home/unitree/p2_ws/P2RemoteConnection/install/p2_remote_connection/share/p2_remote_connection/local_setup.dsv
[0.318s] -- Installing: /home/unitree/p2_ws/P2RemoteConnection/install/p2_remote_connection/share/p2_remote_connection/package.dsv
[0.318s] -- Up-to-date: /home/unitree/p2_ws/P2RemoteConnection/install/p2_remote_connection/share/ament_index/resource_index/packages/p2_remote_connection
[0.318s] -- Up-to-date: /home/unitree/p2_ws/P2RemoteConnection/install/p2_remote_connection/share/p2_remote_connection/cmake/p2_remote_connectionConfig.cmake
[0.319s] -- Up-to-date: /home/unitree/p2_ws/P2RemoteConnection/install/p2_remote_connection/share/p2_remote_connection/cmake/p2_remote_connectionConfig-version.cmake
[0.319s] -- Up-to-date: /home/unitree/p2_ws/P2RemoteConnection/install/p2_remote_connection/share/p2_remote_connection/package.xml
[0.320s] Invoked command in '/home/unitree/p2_ws/P2RemoteConnection/build/p2_remote_connection' returned '0': CMAKE_PREFIX_PATH=${CMAKE_PREFIX_PATH}:/opt/ros/foxy /usr/bin/cmake --install /home/unitree/p2_ws/P2RemoteConnection/build/p2_remote_connection
